c:\users\impresive\source\repos\fhsx\x64\release\vc143.pdb
c:\users\impresive\source\repos\fhsx\x64\release\menu.obj
c:\users\impresive\source\repos\fhsx\x64\release\main.obj
c:\users\impresive\source\repos\fhsx\x64\release\imgui_widgets.obj
c:\users\impresive\source\repos\fhsx\x64\release\imgui_tables.obj
c:\users\impresive\source\repos\fhsx\x64\release\imgui_impl_win32.obj
c:\users\impresive\source\repos\fhsx\x64\release\imgui_impl_dx9.obj
c:\users\impresive\source\repos\fhsx\x64\release\imgui_draw.obj
c:\users\impresive\source\repos\fhsx\x64\release\imgui_demo.obj
c:\users\impresive\source\repos\fhsx\x64\release\imgui.obj
c:\users\impresive\source\repos\fhsx\x64\release\dxinit.obj
c:\users\impresive\source\repos\fhsx\x64\release\config.obj
c:\users\impresive\source\repos\fhsx\x64\release\keyauthinit.obj
c:\users\impresive\source\repos\fhsx\x64\release\initauth.obj
c:\users\impresive\source\repos\fhsx\x64\release\fhsx.ipdb
c:\users\impresive\source\repos\fhsx\x64\release\fhsx.iobj
c:\users\impresive\source\repos\fhsx\x64\release\fhsx.exe
c:\users\impresive\source\repos\fhsx\x64\release\fhsx.pdb
c:\users\impresive\source\repos\fhsx\x64\release\fhsx.tlog\cl.command.1.tlog
c:\users\impresive\source\repos\fhsx\x64\release\fhsx.tlog\cl.items.tlog
c:\users\impresive\source\repos\fhsx\x64\release\fhsx.tlog\cl.read.1.tlog
c:\users\impresive\source\repos\fhsx\x64\release\fhsx.tlog\cl.write.1.tlog
c:\users\impresive\source\repos\fhsx\x64\release\fhsx.tlog\link.command.1.tlog
c:\users\impresive\source\repos\fhsx\x64\release\fhsx.tlog\link.read.1.tlog
c:\users\impresive\source\repos\fhsx\x64\release\fhsx.tlog\link.write.1.tlog
c:\users\impresive\source\repos\fhsx\x64\release\fhsx.tlog\link.write.2u.tlog
